{
  "RSpec": {
    "coverage": {
      "/mnt/c/Users/Zac/Documents/CSCE431/EH_ExComm_Participation_Tracker/app/models/activity.rb": {
        "lines": [
          1,
          null
        ]
      },
      "/mnt/c/Users/Zac/Documents/CSCE431/EH_ExComm_Participation_Tracker/app/models/application_record.rb": {
        "lines": [
          1,
          1,
          null
        ]
      },
      "/mnt/c/Users/Zac/Documents/CSCE431/EH_ExComm_Participation_Tracker/spec/models/application_record_spec.rb": {
        "lines": [
          1,
          null,
          1,
          null
        ]
      },
      "/mnt/c/Users/Zac/Documents/CSCE431/EH_ExComm_Participation_Tracker/spec/models/user_spec.rb": {
        "lines": [
          1,
          null,
          1,
          null
        ]
      },
      "/mnt/c/Users/Zac/Documents/CSCE431/EH_ExComm_Participation_Tracker/app/models/user.rb": {
        "lines": [
          1,
          null,
          1,
          null,
          1,
          0,
          0,
          null,
          null,
          1,
          0,
          null,
          null,
          1,
          0,
          null,
          null,
          1,
          0,
          null,
          null,
          1,
          0,
          null,
          null,
          1,
          0,
          null,
          null
        ]
      }
    },
    "timestamp": 1601940854
  }
}
